Species
['S0', 'E', 'ES0', 'S1', 'F', 'FS1', 'P0', 'S1P0', 'P1', 'FP1']

Partitions
[['ES0', 'FS1', 'S1P0', 'FP1'], ['S0', 'S1'], ['P0', 'P1'], ['E'], ['F']]

G
[(0, 1, {'reaction_constant': 'k1'}), (1, 0, {'reaction_constant': 'k2'}), (1, 2, {'reaction_constant': 'k3'}), (3, 4, {'reaction_constant': 'k4'}), (4, 3, {'reaction_constant': 'k5'}), (4, 5, {'reaction_constant': 'k6'}), (6, 7, {'reaction_constant': 'k7'}), (7, 6, {'reaction_constant': 'k8'}), (7, 8, {'reaction_constant': 'k9'}), (9, 10, {'reaction_constant': 'k10'}), (10, 9, {'reaction_constant': 'k11'}), (10, 11, {'reaction_constant': 'k12'})]

Concentrations for x1:
S0: 1.018657360363774 | E: 0.05239569649125595 | ES0: 1.5819767068693265 | S1: 1.052395696491256 | F: 0.15651764274966565 | FS1: 3.163953413738653 | P0: 0.01865736036377405 | S1P0: 2.9098835343466325 | P1: 11.073836948085285 | FP1: 0.5819767068693265

Concentrations for x2:
S0: 0.018657360363774047 | E: 1.052395696491256 | ES0: 0.5819767068693265 | S1: 0.05239569649125595 | F: 1.1565176427496657 | FS1: 1.163953413738653 | P0: 1.018657360363774 | S1P0: 7.9098835343466325 | P1: 4.073836948085285 | FP1: 1.5819767068693265

Reaction constants:
k1: 187.35973120904958 | k2: 3.1606027941427883 | k3: 3.1606027941427883 | k4: 60.709637261270714 | k5: 1.5803013970713942 | k6: 1.5803013970713942 | k7: 509.29655273053055 | k8: 1.718281828459045 | k9: 1.718281828459045 | k10: 5.769505302347209 | k11: 8.591409142295227 | k12: 8.591409142295227

Total Amounts:
ES0 + FS1 + S1P0 + S0 + S1 = 9.726867
S1P0 + FP1 + P0 + P1 = 14.584355
ES0 + E = 1.634372
FS1 + FP1 + F = 3.902448

_______________________________________


Concentrations for x1:
S0: 2.037314720727548 | E: 0.1047913929825119 | ES0: 3.163953413738653 | S1: 0.4695529282489969 | F: 1.052395696491256 | FS1: 3.163953413738653 | P0: 11.073836948085285 | S1P0: 1.7459301206079794 | P1: 0.01865736036377405 | FP1: 1.7459301206079794

Concentrations for x2:
S0: 0.037314720727548094 | E: 2.104791392982512 | ES0: 1.163953413738653 | S1: 3.4695529282489965 | F: 0.05239569649125595 | FS1: 1.163953413738653 | P0: 4.073836948085285 | S1P0: 4.745930120607979 | P1: 1.018657360363774 | FP1: 4.745930120607979

Reaction constants:
k1: 46.839932802262396 | k2: 1.5803013970713942 | k3: 1.5803013970713942 | k4: 20.236545753756907 | k5: 1.5803013970713942 | k6: 1.5803013970713942 | k7: 1.9231684341157371 | k8: 2.863803047431742 | k9: 2.863803047431742 | k10: 509.2965527305305 | k11: 2.863803047431742 | k12: 2.863803047431742

Total Amounts:
ES0 + FS1 + S1P0 + S0 + S1 = 10.580705
S1P0 + FP1 + P0 + P1 = 14.584355
ES0 + E = 3.268745
FS1 + FP1 + F = 5.962279

_______________________________________


Concentrations for x1:
S0: 0.0373147207275481 | E: 2.104791392982512 | ES0: 1.163953413738653 | S1: 3.469552928248997 | F: 0.05239569649125595 | FS1: 1.163953413738653 | P0: 4.073836948085285 | S1P0: 4.745930120607979 | P1: 1.018657360363774 | FP1: 4.745930120607979

Concentrations for x2:
S0: 2.037314720727548 | E: 0.1047913929825119 | ES0: 3.163953413738653 | S1: 0.46955292824899697 | F: 1.052395696491256 | FS1: 3.163953413738653 | P0: 11.073836948085285 | S1P0: 1.7459301206079794 | P1: 0.018657360363774047 | FP1: 1.7459301206079794

Reaction constants:
k1: 127.32413818263264 | k2: 4.295704571147613 | k3: 4.2957045711476125 | k4: 55.00863459321745 | k5: 4.295704571147613 | k6: 4.2957045711476125 | k7: 0.707494128821055 | k8: 1.053534264714263 | k9: 1.053534264714263 | k10: 187.35973120904958 | k11: 1.053534264714263 | k12: 1.053534264714263

Total Amounts:
ES0 + FS1 + S1P0 + S0 + S1 = 10.580705
S1P0 + FP1 + P0 + P1 = 14.584355
ES0 + E = 3.268745
FS1 + FP1 + F = 5.962279

_______________________________________


Concentrations for x1:
S0: 0.01865736036377405 | E: 1.052395696491256 | ES0: 0.5819767068693265 | S1: 0.05239569649125595 | F: 1.1565176427496657 | FS1: 1.163953413738653 | P0: 1.018657360363774 | S1P0: 7.9098835343466325 | P1: 4.073836948085285 | FP1: 1.5819767068693265

Concentrations for x2:
S0: 1.018657360363774 | E: 0.05239569649125595 | ES0: 1.5819767068693265 | S1: 1.052395696491256 | F: 0.15651764274966568 | FS1: 3.163953413738653 | P0: 0.018657360363774047 | S1P0: 2.9098835343466325 | P1: 11.073836948085285 | FP1: 0.5819767068693265

Reaction constants:
k1: 509.29655273053055 | k2: 8.591409142295227 | k3: 8.591409142295225 | k4: 165.02590377965234 | k5: 4.295704571147613 | k6: 4.2957045711476125 | k7: 187.35973120904958 | k8: 0.6321205588285577 | k9: 0.6321205588285577 | k10: 2.122482386463165 | k11: 3.1606027941427883 | k12: 3.1606027941427883

Total Amounts:
ES0 + FS1 + S1P0 + S0 + S1 = 9.726867
S1P0 + FP1 + P0 + P1 = 14.584355
ES0 + E = 1.634372
FS1 + FP1 + F = 3.902448

_______________________________________


